{"ts":"2026-06-30T10:13:59.030Z","docId":"doc_H01","spanId":"doc_H01_s3","entityId":null,"action":"accept","scope":"single"}
{"ts":"2026-06-30T10:34:29.536Z","docId":"*","spanId":null,"entityId":"ent_john_smith_email","action":"accept","scope":"propagate"}
{"ts":"2026-06-30T10:40:26.617Z","docId":"*","spanId":null,"entityId":"ent_john_smith_email","action":"accept","scope":"propagate"}
{"ts":"2026-06-30T10:47:46.549Z","docId":"doc_H01","spanId":"doc_H01_r5","entityId":"ent_james_whitmore_ssn","action":"accept","scope":"single"}
{"ts":"2026-06-30T10:47:51.013Z","docId":"doc_H01","spanId":"doc_H01_s4","entityId":null,"action":"accept","scope":"single"}
{"ts":"2026-06-30T10:47:55.304Z","docId":"doc_H01","spanId":"doc_H01_s3","entityId":null,"action":"accept","scope":"single"}
{"ts":"2026-06-30T10:47:57.789Z","docId":"doc_H01","spanId":"doc_H01_s2","entityId":"ent_james_whitmore_phone","action":"accept","scope":"single"}
{"ts":"2026-06-30T10:47:59.057Z","docId":"doc_H01","spanId":"doc_H01_s1","entityId":"ent_james_whitmore_email","action":"accept","scope":"single"}
{"ts":"2026-06-30T10:49:03.380Z","docId":"doc_035","spanId":null,"entityId":null,"action":"bulk-clear","scope":"bulk"}
{"ts":"2026-06-30T10:49:03.380Z","docId":"doc_043","spanId":null,"entityId":null,"action":"bulk-clear","scope":"bulk"}
{"ts":"2026-06-30T10:49:03.380Z","docId":"doc_100","spanId":null,"entityId":null,"action":"bulk-clear","scope":"bulk"}
{"ts":"2026-06-30T10:49:03.380Z","docId":"doc_050","spanId":null,"entityId":null,"action":"bulk-clear","scope":"bulk"}
{"ts":"2026-06-30T10:49:03.380Z","docId":"doc_045","spanId":null,"entityId":null,"action":"bulk-clear","scope":"bulk"}
{"ts":"2026-06-30T10:49:03.380Z","docId":"doc_047","spanId":null,"entityId":null,"action":"bulk-clear","scope":"bulk"}
{"ts":"2026-06-30T10:49:03.380Z","docId":"doc_058","spanId":null,"entityId":null,"action":"bulk-clear","scope":"bulk"}
{"ts":"2026-06-30T10:49:03.380Z","docId":"doc_033","spanId":null,"entityId":null,"action":"bulk-clear","scope":"bulk"}
{"ts":"2026-06-30T10:49:03.380Z","docId":"doc_040","spanId":null,"entityId":null,"action":"bulk-clear","scope":"bulk"}
{"ts":"2026-06-30T10:49:03.380Z","docId":"doc_036","spanId":null,"entityId":null,"action":"bulk-clear","scope":"bulk"}
{"ts":"2026-06-30T10:49:03.380Z","docId":"doc_069","spanId":null,"entityId":null,"action":"bulk-clear","scope":"bulk"}
{"ts":"2026-06-30T10:49:03.380Z","docId":"doc_076","spanId":null,"entityId":null,"action":"bulk-clear","scope":"bulk"}
{"ts":"2026-06-30T10:49:03.380Z","docId":"doc_053","spanId":null,"entityId":null,"action":"bulk-clear","scope":"bulk"}
{"ts":"2026-06-30T10:49:03.380Z","docId":"doc_135","spanId":null,"entityId":null,"action":"bulk-clear","scope":"bulk"}
{"ts":"2026-06-30T10:49:03.380Z","docId":"doc_048","spanId":null,"entityId":null,"action":"bulk-clear","scope":"bulk"}
{"ts":"2026-06-30T10:49:03.380Z","docId":"doc_120","spanId":null,"entityId":null,"action":"bulk-clear","scope":"bulk"}
{"ts":"2026-06-30T10:49:03.380Z","docId":"doc_049","spanId":null,"entityId":null,"action":"bulk-clear","scope":"bulk"}
{"ts":"2026-06-30T10:49:03.380Z","docId":"doc_057","spanId":null,"entityId":null,"action":"bulk-clear","scope":"bulk"}
{"ts":"2026-06-30T10:49:03.380Z","docId":"doc_107","spanId":null,"entityId":null,"action":"bulk-clear","scope":"bulk"}
{"ts":"2026-06-30T10:49:03.380Z","docId":"doc_127","spanId":null,"entityId":null,"action":"bulk-clear","scope":"bulk"}
{"ts":"2026-06-30T10:49:03.380Z","docId":"doc_038","spanId":null,"entityId":null,"action":"bulk-clear","scope":"bulk"}
{"ts":"2026-06-30T10:49:03.380Z","docId":"doc_039","spanId":null,"entityId":null,"action":"bulk-clear","scope":"bulk"}
{"ts":"2026-06-30T10:49:03.380Z","docId":"doc_027","spanId":null,"entityId":null,"action":"bulk-clear","scope":"bulk"}
{"ts":"2026-06-30T10:49:03.381Z","docId":"doc_136","spanId":null,"entityId":null,"action":"bulk-clear","scope":"bulk"}
{"ts":"2026-06-30T10:49:03.381Z","docId":"doc_059","spanId":null,"entityId":null,"action":"bulk-clear","scope":"bulk"}
{"ts":"2026-06-30T10:49:03.381Z","docId":"doc_056","spanId":null,"entityId":null,"action":"bulk-clear","scope":"bulk"}
{"ts":"2026-06-30T10:49:03.381Z","docId":"doc_066","spanId":null,"entityId":null,"action":"bulk-clear","scope":"bulk"}
{"ts":"2026-06-30T10:49:03.381Z","docId":"doc_118","spanId":null,"entityId":null,"action":"bulk-clear","scope":"bulk"}
{"ts":"2026-06-30T10:49:03.381Z","docId":"doc_139","spanId":null,"entityId":null,"action":"bulk-clear","scope":"bulk"}
{"ts":"2026-06-30T10:49:03.381Z","docId":"doc_060","spanId":null,"entityId":null,"action":"bulk-clear","scope":"bulk"}
{"ts":"2026-06-30T10:49:03.381Z","docId":"doc_099","spanId":null,"entityId":null,"action":"bulk-clear","scope":"bulk"}
{"ts":"2026-06-30T10:49:03.381Z","docId":"doc_125","spanId":null,"entityId":null,"action":"bulk-clear","scope":"bulk"}
{"ts":"2026-06-30T10:49:03.381Z","docId":"doc_010","spanId":null,"entityId":null,"action":"bulk-clear","scope":"bulk"}
{"ts":"2026-06-30T10:49:03.381Z","docId":"doc_119","spanId":null,"entityId":null,"action":"bulk-clear","scope":"bulk"}
{"ts":"2026-06-30T10:49:03.381Z","docId":"doc_148","spanId":null,"entityId":null,"action":"bulk-clear","scope":"bulk"}
{"ts":"2026-06-30T10:49:03.381Z","docId":"doc_093","spanId":null,"entityId":null,"action":"bulk-clear","scope":"bulk"}
{"ts":"2026-06-30T10:49:03.381Z","docId":"doc_020","spanId":null,"entityId":null,"action":"bulk-clear","scope":"bulk"}
{"ts":"2026-06-30T10:49:03.381Z","docId":"doc_075","spanId":null,"entityId":null,"action":"bulk-clear","scope":"bulk"}
{"ts":"2026-06-30T10:49:03.381Z","docId":"doc_145","spanId":null,"entityId":null,"action":"bulk-clear","scope":"bulk"}
{"ts":"2026-06-30T10:49:03.381Z","docId":"doc_015","spanId":null,"entityId":null,"action":"bulk-clear","scope":"bulk"}
{"ts":"2026-06-30T10:49:03.381Z","docId":"doc_H03","spanId":null,"entityId":null,"action":"bulk-clear","scope":"bulk"}
{"ts":"2026-06-30T10:49:03.381Z","docId":"doc_037","spanId":null,"entityId":null,"action":"bulk-clear","scope":"bulk"}
{"ts":"2026-06-30T10:49:03.381Z","docId":"doc_089","spanId":null,"entityId":null,"action":"bulk-clear","scope":"bulk"}
{"ts":"2026-06-30T10:49:03.381Z","docId":"doc_116","spanId":null,"entityId":null,"action":"bulk-clear","scope":"bulk"}
{"ts":"2026-06-30T10:49:03.381Z","docId":"doc_123","spanId":null,"entityId":null,"action":"bulk-clear","scope":"bulk"}
{"ts":"2026-06-30T10:49:03.381Z","docId":"doc_046","spanId":null,"entityId":null,"action":"bulk-clear","scope":"bulk"}
{"ts":"2026-06-30T10:49:03.381Z","docId":"doc_149","spanId":null,"entityId":null,"action":"bulk-clear","scope":"bulk"}
{"ts":"2026-06-30T10:49:03.381Z","docId":"doc_055","spanId":null,"entityId":null,"action":"bulk-clear","scope":"bulk"}
{"ts":"2026-06-30T10:49:03.381Z","docId":"doc_070","spanId":null,"entityId":null,"action":"bulk-clear","scope":"bulk"}
{"ts":"2026-06-30T10:49:03.381Z","docId":"doc_085","spanId":null,"entityId":null,"action":"bulk-clear","scope":"bulk"}
{"ts":"2026-06-30T10:49:03.381Z","docId":"doc_063","spanId":null,"entityId":null,"action":"bulk-clear","scope":"bulk"}
{"ts":"2026-06-30T10:49:03.381Z","docId":"doc_019","spanId":null,"entityId":null,"action":"bulk-clear","scope":"bulk"}
{"ts":"2026-06-30T10:49:03.381Z","docId":"doc_115","spanId":null,"entityId":null,"action":"bulk-clear","scope":"bulk"}
{"ts":"2026-06-30T10:49:03.381Z","docId":"doc_003","spanId":null,"entityId":null,"action":"bulk-clear","scope":"bulk"}
{"ts":"2026-06-30T10:49:03.381Z","docId":"doc_017","spanId":null,"entityId":null,"action":"bulk-clear","scope":"bulk"}
{"ts":"2026-06-30T10:49:03.381Z","docId":"doc_143","spanId":null,"entityId":null,"action":"bulk-clear","scope":"bulk"}
{"ts":"2026-06-30T10:49:03.381Z","docId":"doc_146","spanId":null,"entityId":null,"action":"bulk-clear","scope":"bulk"}
{"ts":"2026-06-30T10:49:03.381Z","docId":"doc_016","spanId":null,"entityId":null,"action":"bulk-clear","scope":"bulk"}
{"ts":"2026-06-30T10:49:03.381Z","docId":"doc_068","spanId":null,"entityId":null,"action":"bulk-clear","scope":"bulk"}
{"ts":"2026-06-30T10:49:03.381Z","docId":"doc_005","spanId":null,"entityId":null,"action":"bulk-clear","scope":"bulk"}
{"ts":"2026-06-30T10:49:03.381Z","docId":"doc_026","spanId":null,"entityId":null,"action":"bulk-clear","scope":"bulk"}
{"ts":"2026-06-30T10:49:03.381Z","docId":"doc_098","spanId":null,"entityId":null,"action":"bulk-clear","scope":"bulk"}
{"ts":"2026-06-30T10:49:03.381Z","docId":"doc_073","spanId":null,"entityId":null,"action":"bulk-clear","scope":"bulk"}
{"ts":"2026-06-30T10:49:03.381Z","docId":"doc_150","spanId":null,"entityId":null,"action":"bulk-clear","scope":"bulk"}
{"ts":"2026-06-30T10:49:03.381Z","docId":"doc_090","spanId":null,"entityId":null,"action":"bulk-clear","scope":"bulk"}
{"ts":"2026-06-30T10:49:03.381Z","docId":"doc_095","spanId":null,"entityId":null,"action":"bulk-clear","scope":"bulk"}
{"ts":"2026-06-30T10:49:03.381Z","docId":"doc_110","spanId":null,"entityId":null,"action":"bulk-clear","scope":"bulk"}
{"ts":"2026-06-30T10:49:03.381Z","docId":"doc_126","spanId":null,"entityId":null,"action":"bulk-clear","scope":"bulk"}
{"ts":"2026-06-30T10:49:03.381Z","docId":"doc_009","spanId":null,"entityId":null,"action":"bulk-clear","scope":"bulk"}
{"ts":"2026-06-30T10:49:03.381Z","docId":"doc_087","spanId":null,"entityId":null,"action":"bulk-clear","scope":"bulk"}
{"ts":"2026-06-30T10:49:03.381Z","docId":"doc_083","spanId":null,"entityId":null,"action":"bulk-clear","scope":"bulk"}
{"ts":"2026-06-30T10:49:03.381Z","docId":"doc_086","spanId":null,"entityId":null,"action":"bulk-clear","scope":"bulk"}
{"ts":"2026-06-30T10:49:03.381Z","docId":"doc_096","spanId":null,"entityId":null,"action":"bulk-clear","scope":"bulk"}
{"ts":"2026-06-30T10:49:03.381Z","docId":"doc_117","spanId":null,"entityId":null,"action":"bulk-clear","scope":"bulk"}
{"ts":"2026-06-30T10:49:03.381Z","docId":"doc_006","spanId":null,"entityId":null,"action":"bulk-clear","scope":"bulk"}
{"ts":"2026-06-30T10:49:03.381Z","docId":"doc_097","spanId":null,"entityId":null,"action":"bulk-clear","scope":"bulk"}
{"ts":"2026-06-30T10:49:03.381Z","docId":"doc_138","spanId":null,"entityId":null,"action":"bulk-clear","scope":"bulk"}
{"ts":"2026-06-30T10:49:03.381Z","docId":"doc_147","spanId":null,"entityId":null,"action":"bulk-clear","scope":"bulk"}
{"ts":"2026-06-30T10:49:03.381Z","docId":"doc_065","spanId":null,"entityId":null,"action":"bulk-clear","scope":"bulk"}
{"ts":"2026-06-30T10:49:03.381Z","docId":"doc_077","spanId":null,"entityId":null,"action":"bulk-clear","scope":"bulk"}
{"ts":"2026-06-30T10:49:03.381Z","docId":"doc_018","spanId":null,"entityId":null,"action":"bulk-clear","scope":"bulk"}
{"ts":"2026-06-30T10:49:03.381Z","docId":"doc_129","spanId":null,"entityId":null,"action":"bulk-clear","scope":"bulk"}
{"ts":"2026-06-30T10:49:03.381Z","docId":"doc_140","spanId":null,"entityId":null,"action":"bulk-clear","scope":"bulk"}
{"ts":"2026-06-30T10:49:03.381Z","docId":"doc_030","spanId":null,"entityId":null,"action":"bulk-clear","scope":"bulk"}
{"ts":"2026-06-30T10:49:03.381Z","docId":"doc_103","spanId":null,"entityId":null,"action":"bulk-clear","scope":"bulk"}
{"ts":"2026-06-30T10:49:03.381Z","docId":"doc_130","spanId":null,"entityId":null,"action":"bulk-clear","scope":"bulk"}
{"ts":"2026-06-30T10:49:03.381Z","docId":"doc_105","spanId":null,"entityId":null,"action":"bulk-clear","scope":"bulk"}
{"ts":"2026-06-30T10:49:03.381Z","docId":"doc_113","spanId":null,"entityId":null,"action":"bulk-clear","scope":"bulk"}
{"ts":"2026-06-30T10:49:03.381Z","docId":"doc_023","spanId":null,"entityId":null,"action":"bulk-clear","scope":"bulk"}
{"ts":"2026-06-30T10:49:03.381Z","docId":"doc_078","spanId":null,"entityId":null,"action":"bulk-clear","scope":"bulk"}
{"ts":"2026-06-30T10:49:03.381Z","docId":"doc_067","spanId":null,"entityId":null,"action":"bulk-clear","scope":"bulk"}
{"ts":"2026-06-30T10:49:03.381Z","docId":"doc_128","spanId":null,"entityId":null,"action":"bulk-clear","scope":"bulk"}
{"ts":"2026-06-30T10:49:03.381Z","docId":"doc_013","spanId":null,"entityId":null,"action":"bulk-clear","scope":"bulk"}
{"ts":"2026-06-30T10:49:03.381Z","docId":"doc_137","spanId":null,"entityId":null,"action":"bulk-clear","scope":"bulk"}
{"ts":"2026-06-30T10:49:03.381Z","docId":"doc_007","spanId":null,"entityId":null,"action":"bulk-clear","scope":"bulk"}
{"ts":"2026-06-30T10:49:03.381Z","docId":"doc_079","spanId":null,"entityId":null,"action":"bulk-clear","scope":"bulk"}
{"ts":"2026-06-30T10:49:03.381Z","docId":"doc_133","spanId":null,"entityId":null,"action":"bulk-clear","scope":"bulk"}
{"ts":"2026-06-30T10:49:03.381Z","docId":"doc_025","spanId":null,"entityId":null,"action":"bulk-clear","scope":"bulk"}
{"ts":"2026-06-30T10:49:03.381Z","docId":"doc_108","spanId":null,"entityId":null,"action":"bulk-clear","scope":"bulk"}
{"ts":"2026-06-30T10:49:03.381Z","docId":"doc_080","spanId":null,"entityId":null,"action":"bulk-clear","scope":"bulk"}
{"ts":"2026-06-30T10:49:03.381Z","docId":"doc_106","spanId":null,"entityId":null,"action":"bulk-clear","scope":"bulk"}
{"ts":"2026-06-30T10:49:03.381Z","docId":"doc_008","spanId":null,"entityId":null,"action":"bulk-clear","scope":"bulk"}
{"ts":"2026-06-30T10:49:03.381Z","docId":"doc_109","spanId":null,"entityId":null,"action":"bulk-clear","scope":"bulk"}
{"ts":"2026-06-30T10:49:03.381Z","docId":"doc_029","spanId":null,"entityId":null,"action":"bulk-clear","scope":"bulk"}
{"ts":"2026-06-30T10:49:03.381Z","docId":"doc_028","spanId":null,"entityId":null,"action":"bulk-clear","scope":"bulk"}
{"ts":"2026-06-30T10:49:03.381Z","docId":"doc_088","spanId":null,"entityId":null,"action":"bulk-clear","scope":"bulk"}
{"ts":"2026-06-30T10:49:34.852Z","docId":"doc_051","spanId":"doc_051_s3","entityId":null,"action":"accept","scope":"single"}
{"ts":"2026-06-30T10:49:38.430Z","docId":"doc_051","spanId":"doc_051_s2","entityId":null,"action":"accept","scope":"single"}
{"ts":"2026-06-30T10:49:39.080Z","docId":"doc_051","spanId":"doc_051_s1","entityId":null,"action":"accept","scope":"single"}
{"ts":"2026-06-30T10:49:39.798Z","docId":"doc_051","spanId":"doc_051_r4","entityId":null,"action":"accept","scope":"single"}
{"ts":"2026-06-30T10:57:52.624Z","docId":"doc_041","spanId":"doc_041_s3","entityId":null,"action":"accept","scope":"single"}
{"ts":"2026-06-30T10:57:52.792Z","docId":"doc_041","spanId":"doc_041_s2","entityId":"ent_maria_garcia_phone","action":"accept","scope":"single"}
{"ts":"2026-06-30T10:57:52.936Z","docId":"doc_041","spanId":"doc_041_s1","entityId":"ent_maria_garcia_email","action":"accept","scope":"single"}
{"ts":"2026-06-30T10:57:53.084Z","docId":"doc_041","spanId":"doc_041_r4","entityId":"ent_maria_garcia_ssn","action":"accept","scope":"single"}
{"ts":"2026-06-30T11:12:45.668Z","docId":"*","spanId":null,"entityId":"ent_john_smith_phone","action":"accept","scope":"propagate"}
{"ts":"2026-06-30T11:13:34.575Z","docId":"doc_011","spanId":"doc_011_r3","entityId":"ent_maria_garcia_ssn","action":"accept","scope":"single"}
{"ts":"2026-06-30T11:13:36.824Z","docId":"doc_011","spanId":"doc_011_s2","entityId":"ent_maria_garcia_phone","action":"accept","scope":"single"}
{"ts":"2026-06-30T11:13:39.153Z","docId":"doc_011","spanId":"doc_011_s1","entityId":"ent_maria_garcia_email","action":"accept","scope":"single"}
{"ts":"2026-06-30T11:18:13.476Z","docId":"doc_081","spanId":"doc_081_s1","entityId":null,"action":"accept","scope":"single"}
{"ts":"2026-06-30T12:03:26.027Z","docId":"*","spanId":null,"entityId":"ent_ashley_miller_name","action":"accept","scope":"propagate"}
{"ts":"2026-06-30T12:16:26.190Z","docId":"doc_086","spanId":null,"entityId":null,"action":"bulk-clear","scope":"bulk"}
{"ts":"2026-06-30T12:32:06.335Z","docId":"doc_H03","spanId":"doc_H03_s4","entityId":"ent_samuel_kim_name","action":"accept","scope":"single"}
{"ts":"2026-06-30T12:32:06.425Z","docId":"doc_H03","spanId":"doc_H03_s1","entityId":"ent_samuel_kim_ssn","action":"accept","scope":"single"}
{"ts":"2026-06-30T12:32:06.437Z","docId":"doc_H03","spanId":"doc_H03_s5","entityId":"ent_samuel_kim_addr","action":"accept","scope":"single"}
{"ts":"2026-06-30T12:32:06.448Z","docId":"doc_H03","spanId":"doc_H03_s2","entityId":"ent_samuel_kim_email","action":"accept","scope":"single"}
{"ts":"2026-06-30T12:32:06.460Z","docId":"doc_H03","spanId":"doc_H03_s3","entityId":"ent_samuel_kim_phone","action":"accept","scope":"single"}
{"ts":"2026-06-30T12:32:06.516Z","docId":"doc_H03","spanId":null,"entityId":null,"action":"finalize","scope":"document"}
{"ts":"2026-06-30T12:32:34.304Z","docId":"doc_034","spanId":"doc_034_s3","entityId":"ent_michael_brown_name","action":"accept","scope":"single"}
{"ts":"2026-06-30T12:32:34.426Z","docId":"doc_034","spanId":"doc_034_s1","entityId":"ent_michael_brown_ssn","action":"accept","scope":"single"}
{"ts":"2026-06-30T12:32:34.587Z","docId":"doc_034","spanId":"doc_034_s4","entityId":null,"action":"accept","scope":"single"}
{"ts":"2026-06-30T12:32:34.719Z","docId":"doc_034","spanId":"doc_034_s2","entityId":"ent_michael_brown_email","action":"accept","scope":"single"}
{"ts":"2026-06-30T12:32:34.874Z","docId":"doc_034","spanId":"doc_034_s5","entityId":"ent_michael_brown_addr","action":"accept","scope":"single"}
{"ts":"2026-06-30T12:32:43.931Z","docId":"*","spanId":null,"entityId":"ent_michael_brown_phone","action":"accept","scope":"propagate"}
{"ts":"2026-06-30T12:32:47.159Z","docId":"doc_034","spanId":null,"entityId":null,"action":"finalize","scope":"document"}
{"ts":"2026-06-30T12:32:54.598Z","docId":"doc_103","spanId":null,"entityId":null,"action":"bulk-clear","scope":"bulk"}
{"ts":"2026-06-30T12:32:54.598Z","docId":"doc_090","spanId":null,"entityId":null,"action":"bulk-clear","scope":"bulk"}
{"ts":"2026-06-30T12:33:22.484Z","docId":"doc_002","spanId":"doc_002_s3","entityId":"ent_marcus_reed_name","action":"accept","scope":"single"}
{"ts":"2026-06-30T12:33:22.647Z","docId":"doc_002","spanId":"doc_002_s1","entityId":"ent_marcus_reed_ssn","action":"accept","scope":"single"}
{"ts":"2026-06-30T12:33:22.805Z","docId":"doc_002","spanId":"doc_002_s2","entityId":"ent_marcus_reed_email","action":"accept","scope":"single"}
{"ts":"2026-06-30T12:33:23.014Z","docId":"doc_002","spanId":"doc_002_s4","entityId":"ent_marcus_reed_addr","action":"accept","scope":"single"}
{"ts":"2026-06-30T12:33:23.172Z","docId":"doc_002","spanId":"doc_002_r5","entityId":"ent_marcus_reed_phone","action":"accept","scope":"single"}
{"ts":"2026-06-30T12:33:37.012Z","docId":"doc_004","spanId":"doc_004_s3","entityId":"ent_michael_brown_name","action":"accept","scope":"single"}
{"ts":"2026-06-30T12:33:37.186Z","docId":"doc_004","spanId":"doc_004_s1","entityId":"ent_michael_brown_ssn","action":"accept","scope":"single"}
{"ts":"2026-06-30T12:33:37.355Z","docId":"doc_004","spanId":"doc_004_s2","entityId":"ent_michael_brown_email","action":"accept","scope":"single"}
{"ts":"2026-06-30T12:33:37.509Z","docId":"doc_004","spanId":"doc_004_s4","entityId":"ent_michael_brown_addr","action":"accept","scope":"single"}
{"ts":"2026-06-30T12:33:39.655Z","docId":"doc_004","spanId":null,"entityId":null,"action":"finalize","scope":"document"}
{"ts":"2026-06-30T12:38:22.578Z","docId":"doc_H03","spanId":"doc_H03_s4","entityId":"ent_samuel_kim_name","action":"accept","scope":"single"}
{"ts":"2026-06-30T12:38:22.591Z","docId":"doc_H03","spanId":"doc_H03_s1","entityId":"ent_samuel_kim_ssn","action":"accept","scope":"single"}
{"ts":"2026-06-30T12:38:22.602Z","docId":"doc_H03","spanId":"doc_H03_s5","entityId":"ent_samuel_kim_addr","action":"accept","scope":"single"}
{"ts":"2026-06-30T12:38:22.614Z","docId":"doc_H03","spanId":"doc_H03_s2","entityId":"ent_samuel_kim_email","action":"accept","scope":"single"}
{"ts":"2026-06-30T12:38:22.624Z","docId":"doc_H03","spanId":"doc_H03_s3","entityId":"ent_samuel_kim_phone","action":"accept","scope":"single"}
{"ts":"2026-06-30T12:38:22.673Z","docId":"doc_H03","spanId":null,"entityId":null,"action":"finalize","scope":"document"}
{"ts":"2026-06-30T12:52:57.213Z","docId":"doc_103","spanId":null,"entityId":null,"action":"bulk-clear","scope":"bulk"}
{"ts":"2026-06-30T12:52:57.214Z","docId":"doc_090","spanId":null,"entityId":null,"action":"bulk-clear","scope":"bulk"}
{"ts":"2026-06-30T12:52:57.214Z","docId":"doc_119","spanId":null,"entityId":null,"action":"bulk-clear","scope":"bulk"}
{"ts":"2026-06-30T12:52:57.214Z","docId":"doc_045","spanId":null,"entityId":null,"action":"bulk-clear","scope":"bulk"}
{"ts":"2026-06-30T12:52:57.214Z","docId":"doc_096","spanId":null,"entityId":null,"action":"bulk-clear","scope":"bulk"}
{"ts":"2026-06-30T12:52:57.214Z","docId":"doc_106","spanId":null,"entityId":null,"action":"bulk-clear","scope":"bulk"}
{"ts":"2026-06-30T12:52:57.214Z","docId":"doc_099","spanId":null,"entityId":null,"action":"bulk-clear","scope":"bulk"}
{"ts":"2026-06-30T12:52:57.214Z","docId":"doc_120","spanId":null,"entityId":null,"action":"bulk-clear","scope":"bulk"}
{"ts":"2026-06-30T12:52:57.214Z","docId":"doc_018","spanId":null,"entityId":null,"action":"bulk-clear","scope":"bulk"}
{"ts":"2026-06-30T12:52:57.214Z","docId":"doc_043","spanId":null,"entityId":null,"action":"bulk-clear","scope":"bulk"}
{"ts":"2026-06-30T12:52:57.214Z","docId":"doc_050","spanId":null,"entityId":null,"action":"bulk-clear","scope":"bulk"}
{"ts":"2026-06-30T12:52:57.214Z","docId":"doc_110","spanId":null,"entityId":null,"action":"bulk-clear","scope":"bulk"}
{"ts":"2026-06-30T12:52:57.214Z","docId":"doc_095","spanId":null,"entityId":null,"action":"bulk-clear","scope":"bulk"}
{"ts":"2026-06-30T12:52:57.214Z","docId":"doc_093","spanId":null,"entityId":null,"action":"bulk-clear","scope":"bulk"}
{"ts":"2026-06-30T12:52:57.214Z","docId":"doc_028","spanId":null,"entityId":null,"action":"bulk-clear","scope":"bulk"}
{"ts":"2026-06-30T12:52:57.214Z","docId":"doc_060","spanId":null,"entityId":null,"action":"bulk-clear","scope":"bulk"}
{"ts":"2026-06-30T12:52:57.214Z","docId":"doc_076","spanId":null,"entityId":null,"action":"bulk-clear","scope":"bulk"}
{"ts":"2026-06-30T12:52:57.214Z","docId":"doc_077","spanId":null,"entityId":null,"action":"bulk-clear","scope":"bulk"}
{"ts":"2026-06-30T12:52:57.214Z","docId":"doc_113","spanId":null,"entityId":null,"action":"bulk-clear","scope":"bulk"}
{"ts":"2026-06-30T12:52:57.214Z","docId":"doc_033","spanId":null,"entityId":null,"action":"bulk-clear","scope":"bulk"}
{"ts":"2026-06-30T12:52:57.214Z","docId":"doc_038","spanId":null,"entityId":null,"action":"bulk-clear","scope":"bulk"}
{"ts":"2026-06-30T12:52:57.214Z","docId":"doc_047","spanId":null,"entityId":null,"action":"bulk-clear","scope":"bulk"}
{"ts":"2026-06-30T12:52:57.214Z","docId":"doc_086","spanId":null,"entityId":null,"action":"bulk-clear","scope":"bulk"}
{"ts":"2026-06-30T12:52:57.214Z","docId":"doc_145","spanId":null,"entityId":null,"action":"bulk-clear","scope":"bulk"}
{"ts":"2026-06-30T12:52:57.214Z","docId":"doc_023","spanId":null,"entityId":null,"action":"bulk-clear","scope":"bulk"}
{"ts":"2026-06-30T12:52:57.214Z","docId":"doc_058","spanId":null,"entityId":null,"action":"bulk-clear","scope":"bulk"}
{"ts":"2026-06-30T12:52:57.214Z","docId":"doc_097","spanId":null,"entityId":null,"action":"bulk-clear","scope":"bulk"}
{"ts":"2026-06-30T12:52:57.214Z","docId":"doc_100","spanId":null,"entityId":null,"action":"bulk-clear","scope":"bulk"}
{"ts":"2026-06-30T12:52:57.215Z","docId":"doc_105","spanId":null,"entityId":null,"action":"bulk-clear","scope":"bulk"}
{"ts":"2026-06-30T12:52:57.215Z","docId":"doc_098","spanId":null,"entityId":null,"action":"bulk-clear","scope":"bulk"}
{"ts":"2026-06-30T12:52:57.215Z","docId":"doc_078","spanId":null,"entityId":null,"action":"bulk-clear","scope":"bulk"}
{"ts":"2026-06-30T12:52:57.215Z","docId":"doc_107","spanId":null,"entityId":null,"action":"bulk-clear","scope":"bulk"}
{"ts":"2026-06-30T12:52:57.215Z","docId":"doc_108","spanId":null,"entityId":null,"action":"bulk-clear","scope":"bulk"}
{"ts":"2026-06-30T12:52:57.215Z","docId":"doc_068","spanId":null,"entityId":null,"action":"bulk-clear","scope":"bulk"}
{"ts":"2026-06-30T12:52:57.215Z","docId":"doc_109","spanId":null,"entityId":null,"action":"bulk-clear","scope":"bulk"}
{"ts":"2026-06-30T12:52:57.215Z","docId":"doc_H03","spanId":null,"entityId":null,"action":"bulk-clear","scope":"bulk"}
{"ts":"2026-06-30T12:52:57.215Z","docId":"doc_115","spanId":null,"entityId":null,"action":"bulk-clear","scope":"bulk"}
{"ts":"2026-06-30T12:52:57.215Z","docId":"doc_056","spanId":null,"entityId":null,"action":"bulk-clear","scope":"bulk"}
{"ts":"2026-06-30T12:52:57.215Z","docId":"doc_140","spanId":null,"entityId":null,"action":"bulk-clear","scope":"bulk"}
{"ts":"2026-06-30T12:52:57.215Z","docId":"doc_083","spanId":null,"entityId":null,"action":"bulk-clear","scope":"bulk"}
{"ts":"2026-06-30T12:52:57.215Z","docId":"doc_127","spanId":null,"entityId":null,"action":"bulk-clear","scope":"bulk"}
{"ts":"2026-06-30T12:52:57.215Z","docId":"doc_026","spanId":null,"entityId":null,"action":"bulk-clear","scope":"bulk"}
{"ts":"2026-06-30T12:52:57.215Z","docId":"doc_125","spanId":null,"entityId":null,"action":"bulk-clear","scope":"bulk"}
{"ts":"2026-06-30T12:52:57.215Z","docId":"doc_149","spanId":null,"entityId":null,"action":"bulk-clear","scope":"bulk"}
{"ts":"2026-06-30T12:52:57.215Z","docId":"doc_006","spanId":null,"entityId":null,"action":"bulk-clear","scope":"bulk"}
{"ts":"2026-06-30T12:52:57.215Z","docId":"doc_063","spanId":null,"entityId":null,"action":"bulk-clear","scope":"bulk"}
{"ts":"2026-06-30T12:52:57.215Z","docId":"doc_126","spanId":null,"entityId":null,"action":"bulk-clear","scope":"bulk"}
{"ts":"2026-06-30T12:52:57.215Z","docId":"doc_129","spanId":null,"entityId":null,"action":"bulk-clear","scope":"bulk"}
{"ts":"2026-06-30T12:52:57.215Z","docId":"doc_003","spanId":null,"entityId":null,"action":"bulk-clear","scope":"bulk"}
{"ts":"2026-06-30T12:52:57.215Z","docId":"doc_007","spanId":null,"entityId":null,"action":"bulk-clear","scope":"bulk"}
{"ts":"2026-06-30T12:52:57.215Z","docId":"doc_025","spanId":null,"entityId":null,"action":"bulk-clear","scope":"bulk"}
{"ts":"2026-06-30T12:52:57.215Z","docId":"doc_040","spanId":null,"entityId":null,"action":"bulk-clear","scope":"bulk"}
{"ts":"2026-06-30T12:52:57.215Z","docId":"doc_055","spanId":null,"entityId":null,"action":"bulk-clear","scope":"bulk"}
{"ts":"2026-06-30T12:52:57.215Z","docId":"doc_046","spanId":null,"entityId":null,"action":"bulk-clear","scope":"bulk"}
{"ts":"2026-06-30T12:52:57.215Z","docId":"doc_118","spanId":null,"entityId":null,"action":"bulk-clear","scope":"bulk"}
{"ts":"2026-06-30T12:52:57.215Z","docId":"doc_036","spanId":null,"entityId":null,"action":"bulk-clear","scope":"bulk"}
{"ts":"2026-06-30T12:52:57.215Z","docId":"doc_037","spanId":null,"entityId":null,"action":"bulk-clear","scope":"bulk"}
{"ts":"2026-06-30T12:52:57.215Z","docId":"doc_116","spanId":null,"entityId":null,"action":"bulk-clear","scope":"bulk"}
{"ts":"2026-06-30T12:52:57.215Z","docId":"doc_117","spanId":null,"entityId":null,"action":"bulk-clear","scope":"bulk"}
{"ts":"2026-06-30T12:52:57.215Z","docId":"doc_123","spanId":null,"entityId":null,"action":"bulk-clear","scope":"bulk"}
{"ts":"2026-06-30T12:52:57.215Z","docId":"doc_049","spanId":null,"entityId":null,"action":"bulk-clear","scope":"bulk"}
{"ts":"2026-06-30T12:52:57.215Z","docId":"doc_148","spanId":null,"entityId":null,"action":"bulk-clear","scope":"bulk"}
{"ts":"2026-06-30T12:52:57.215Z","docId":"doc_009","spanId":null,"entityId":null,"action":"bulk-clear","scope":"bulk"}
{"ts":"2026-06-30T12:52:57.215Z","docId":"doc_013","spanId":null,"entityId":null,"action":"bulk-clear","scope":"bulk"}
{"ts":"2026-06-30T12:52:57.215Z","docId":"doc_057","spanId":null,"entityId":null,"action":"bulk-clear","scope":"bulk"}
{"ts":"2026-06-30T12:52:57.215Z","docId":"doc_059","spanId":null,"entityId":null,"action":"bulk-clear","scope":"bulk"}
{"ts":"2026-06-30T12:52:57.215Z","docId":"doc_138","spanId":null,"entityId":null,"action":"bulk-clear","scope":"bulk"}
{"ts":"2026-06-30T12:52:57.215Z","docId":"doc_143","spanId":null,"entityId":null,"action":"bulk-clear","scope":"bulk"}
{"ts":"2026-06-30T12:52:57.215Z","docId":"doc_146","spanId":null,"entityId":null,"action":"bulk-clear","scope":"bulk"}
{"ts":"2026-06-30T12:52:57.215Z","docId":"doc_147","spanId":null,"entityId":null,"action":"bulk-clear","scope":"bulk"}
{"ts":"2026-06-30T12:52:57.215Z","docId":"doc_029","spanId":null,"entityId":null,"action":"bulk-clear","scope":"bulk"}
{"ts":"2026-06-30T12:52:57.215Z","docId":"doc_075","spanId":null,"entityId":null,"action":"bulk-clear","scope":"bulk"}
{"ts":"2026-06-30T12:52:57.215Z","docId":"doc_130","spanId":null,"entityId":null,"action":"bulk-clear","scope":"bulk"}
{"ts":"2026-06-30T12:52:57.215Z","docId":"doc_027","spanId":null,"entityId":null,"action":"bulk-clear","scope":"bulk"}
{"ts":"2026-06-30T12:52:57.215Z","docId":"doc_005","spanId":null,"entityId":null,"action":"bulk-clear","scope":"bulk"}
{"ts":"2026-06-30T12:52:57.215Z","docId":"doc_008","spanId":null,"entityId":null,"action":"bulk-clear","scope":"bulk"}
{"ts":"2026-06-30T12:52:57.215Z","docId":"doc_088","spanId":null,"entityId":null,"action":"bulk-clear","scope":"bulk"}
{"ts":"2026-06-30T12:52:57.215Z","docId":"doc_128","spanId":null,"entityId":null,"action":"bulk-clear","scope":"bulk"}
{"ts":"2026-06-30T12:52:57.215Z","docId":"doc_135","spanId":null,"entityId":null,"action":"bulk-clear","scope":"bulk"}
{"ts":"2026-06-30T12:52:57.215Z","docId":"doc_010","spanId":null,"entityId":null,"action":"bulk-clear","scope":"bulk"}
{"ts":"2026-06-30T12:52:57.215Z","docId":"doc_015","spanId":null,"entityId":null,"action":"bulk-clear","scope":"bulk"}
{"ts":"2026-06-30T12:52:57.215Z","docId":"doc_069","spanId":null,"entityId":null,"action":"bulk-clear","scope":"bulk"}
{"ts":"2026-06-30T12:52:57.215Z","docId":"doc_080","spanId":null,"entityId":null,"action":"bulk-clear","scope":"bulk"}
{"ts":"2026-06-30T12:52:57.215Z","docId":"doc_136","spanId":null,"entityId":null,"action":"bulk-clear","scope":"bulk"}
{"ts":"2026-06-30T12:52:57.215Z","docId":"doc_039","spanId":null,"entityId":null,"action":"bulk-clear","scope":"bulk"}
{"ts":"2026-06-30T12:52:57.215Z","docId":"doc_066","spanId":null,"entityId":null,"action":"bulk-clear","scope":"bulk"}
{"ts":"2026-06-30T12:52:57.215Z","docId":"doc_079","spanId":null,"entityId":null,"action":"bulk-clear","scope":"bulk"}
{"ts":"2026-06-30T12:52:57.215Z","docId":"doc_030","spanId":null,"entityId":null,"action":"bulk-clear","scope":"bulk"}
{"ts":"2026-06-30T12:52:57.215Z","docId":"doc_053","spanId":null,"entityId":null,"action":"bulk-clear","scope":"bulk"}
{"ts":"2026-06-30T12:52:57.215Z","docId":"doc_017","spanId":null,"entityId":null,"action":"bulk-clear","scope":"bulk"}
{"ts":"2026-06-30T12:52:57.215Z","docId":"doc_019","spanId":null,"entityId":null,"action":"bulk-clear","scope":"bulk"}
{"ts":"2026-06-30T12:52:57.215Z","docId":"doc_020","spanId":null,"entityId":null,"action":"bulk-clear","scope":"bulk"}
{"ts":"2026-06-30T12:52:57.215Z","docId":"doc_048","spanId":null,"entityId":null,"action":"bulk-clear","scope":"bulk"}
{"ts":"2026-06-30T12:52:57.215Z","docId":"doc_065","spanId":null,"entityId":null,"action":"bulk-clear","scope":"bulk"}
{"ts":"2026-06-30T12:52:57.215Z","docId":"doc_137","spanId":null,"entityId":null,"action":"bulk-clear","scope":"bulk"}
{"ts":"2026-06-30T12:52:57.215Z","docId":"doc_067","spanId":null,"entityId":null,"action":"bulk-clear","scope":"bulk"}
{"ts":"2026-06-30T12:52:57.215Z","docId":"doc_089","spanId":null,"entityId":null,"action":"bulk-clear","scope":"bulk"}
{"ts":"2026-06-30T12:52:57.215Z","docId":"doc_133","spanId":null,"entityId":null,"action":"bulk-clear","scope":"bulk"}
{"ts":"2026-06-30T12:52:57.215Z","docId":"doc_150","spanId":null,"entityId":null,"action":"bulk-clear","scope":"bulk"}
{"ts":"2026-06-30T12:52:57.215Z","docId":"doc_035","spanId":null,"entityId":null,"action":"bulk-clear","scope":"bulk"}
{"ts":"2026-06-30T12:52:57.215Z","docId":"doc_070","spanId":null,"entityId":null,"action":"bulk-clear","scope":"bulk"}
{"ts":"2026-06-30T12:52:57.216Z","docId":"doc_073","spanId":null,"entityId":null,"action":"bulk-clear","scope":"bulk"}
{"ts":"2026-06-30T12:52:57.216Z","docId":"doc_087","spanId":null,"entityId":null,"action":"bulk-clear","scope":"bulk"}
{"ts":"2026-06-30T12:52:57.216Z","docId":"doc_085","spanId":null,"entityId":null,"action":"bulk-clear","scope":"bulk"}
{"ts":"2026-06-30T12:52:57.216Z","docId":"doc_139","spanId":null,"entityId":null,"action":"bulk-clear","scope":"bulk"}
{"ts":"2026-06-30T12:52:57.216Z","docId":"doc_016","spanId":null,"entityId":null,"action":"bulk-clear","scope":"bulk"}
